{
  "stats": {
    "suites": 1,
    "tests": 1,
    "passes": 1,
    "pending": 0,
    "failures": 0,
    "start": "2025-08-27T22:44:12.633Z",
    "end": "2025-08-27T22:44:16.007Z",
    "duration": 3374,
    "testsRegistered": 1,
    "passPercent": 100,
    "pendingPercent": 0,
    "other": 0,
    "hasOther": false,
    "skipped": 0,
    "hasSkipped": false
  },
  "results": [
    {
      "uuid": "e56d8341-3c96-4e5d-9e2b-2cf11eea9a35",
      "title": "",
      "fullFile": "cypress\\e2e\\searchListTest.cy.js",
      "file": "cypress\\e2e\\searchListTest.cy.js",
      "beforeHooks": [],
      "afterHooks": [],
      "tests": [],
      "suites": [
        {
          "uuid": "66b02545-7ac7-4ebb-829b-6e7e616cee82",
          "title": "Categorias",
          "fullFile": "",
          "file": "",
          "beforeHooks": [],
          "afterHooks": [],
          "tests": [
            {
              "title": "Deve pesquisar os produtos e ter um valor listado",
              "fullTitle": "Categorias Deve pesquisar os produtos e ter um valor listado",
              "timedOut": null,
              "duration": 3309,
              "state": "passed",
              "speed": "fast",
              "pass": true,
              "fail": false,
              "pending": false,
              "context": null,
              "code": "homePage.openSearchProduct();\nhomePage.searchProduct('ca');\nhomePage.products().should('have.length.greaterThan', 0);\nhomePage.products().each(product => {\n  let price = product.find('[data-testid=\"price\"]').text();\n  expect(price).to.contain('R$');\n});",
              "err": {},
              "uuid": "7d867732-8573-4bd0-b2a9-27e87b04167c",
              "parentUUID": "66b02545-7ac7-4ebb-829b-6e7e616cee82",
              "isHook": false,
              "skipped": false
            }
          ],
          "suites": [],
          "passes": [
            "7d867732-8573-4bd0-b2a9-27e87b04167c"
          ],
          "failures": [],
          "pending": [],
          "skipped": [],
          "duration": 3309,
          "root": false,
          "rootEmpty": false,
          "_timeout": 2000
        }
      ],
      "passes": [],
      "failures": [],
      "pending": [],
      "skipped": [],
      "duration": 0,
      "root": true,
      "rootEmpty": true,
      "_timeout": 2000
    }
  ],
  "meta": {
    "mocha": {
      "version": "7.2.0"
    },
    "mochawesome": {
      "options": {
        "quiet": false,
        "reportFilename": "mochawesome",
        "saveHtml": false,
        "saveJson": true,
        "consoleReporter": "spec",
        "useInlineDiffs": false,
        "code": true
      },
      "version": "7.1.3"
    },
    "marge": {
      "options": {
        "reportDir": "mochawesome-report",
        "overwrite": false,
        "html": false,
        "json": true
      },
      "version": "6.2.0"
    }
  }
}