{
  "stats": {
    "suites": 1,
    "tests": 3,
    "passes": 3,
    "pending": 0,
    "failures": 0,
    "start": "2025-08-27T22:44:17.192Z",
    "end": "2025-08-27T22:44:24.279Z",
    "duration": 7087,
    "testsRegistered": 3,
    "passPercent": 100,
    "pendingPercent": 0,
    "other": 0,
    "hasOther": false,
    "skipped": 0,
    "hasSkipped": false
  },
  "results": [
    {
      "uuid": "2aea406b-7586-4708-88d2-c5cfeb1359bd",
      "title": "",
      "fullFile": "cypress\\e2e\\ìnterceptTest.cy.js",
      "file": "cypress\\e2e\\ìnterceptTest.cy.js",
      "beforeHooks": [],
      "afterHooks": [],
      "tests": [],
      "suites": [
        {
          "uuid": "320e5267-db3c-483b-a8d2-cc4f03b8d233",
          "title": "Teste de Autenticação",
          "fullFile": "",
          "file": "",
          "beforeHooks": [],
          "afterHooks": [],
          "tests": [
            {
              "title": "Categorias devem estar visíveis",
              "fullTitle": "Teste de Autenticação Categorias devem estar visíveis",
              "timedOut": null,
              "duration": 2779,
              "state": "passed",
              "speed": "fast",
              "pass": true,
              "fail": false,
              "pending": false,
              "context": null,
              "code": "cy.intercept('GET', '**/public/getCategories', {\n  fixture: 'categories.json'\n}).as('getCategories');\nhomePage.openSearchProduct();\nhomePage.openCategoriesFilter();\nhomePage.categories().should('have.length.greaterThan', 1);",
              "err": {},
              "uuid": "26c4d239-58f3-482b-a6b6-62f0a9a4b43c",
              "parentUUID": "320e5267-db3c-483b-a8d2-cc4f03b8d233",
              "isHook": false,
              "skipped": false
            },
            {
              "title": "Categorias devem estar vazias",
              "fullTitle": "Teste de Autenticação Categorias devem estar vazias",
              "timedOut": null,
              "duration": 2124,
              "state": "passed",
              "speed": "fast",
              "pass": true,
              "fail": false,
              "pending": false,
              "context": null,
              "code": "cy.intercept('GET', '**/public/getCategories', {\n  fixture: 'Nocategories.json'\n}).as('getCategoriesEmpty');\nhomePage.openSearchProduct();\nhomePage.openCategoriesFilter();\nhomePage.categories().should('have.length', 1);",
              "err": {},
              "uuid": "e322279c-ecea-47c4-8680-4efe277b9a45",
              "parentUUID": "320e5267-db3c-483b-a8d2-cc4f03b8d233",
              "isHook": false,
              "skipped": false
            },
            {
              "title": "Categorias apresentar erro 500",
              "fullTitle": "Teste de Autenticação Categorias apresentar erro 500",
              "timedOut": null,
              "duration": 2096,
              "state": "passed",
              "speed": "fast",
              "pass": true,
              "fail": false,
              "pending": false,
              "context": null,
              "code": "cy.intercept('GET', '**/public/getCategories', {\n  statusCode: 500\n}).as('getCategoriesErro');\nhomePage.openSearchProduct();\nhomePage.openCategoriesFilter();\nhomePage.categories().should('have.length', 1);",
              "err": {},
              "uuid": "7cd337f8-ed32-4129-91e0-bf93659494eb",
              "parentUUID": "320e5267-db3c-483b-a8d2-cc4f03b8d233",
              "isHook": false,
              "skipped": false
            }
          ],
          "suites": [],
          "passes": [
            "26c4d239-58f3-482b-a6b6-62f0a9a4b43c",
            "e322279c-ecea-47c4-8680-4efe277b9a45",
            "7cd337f8-ed32-4129-91e0-bf93659494eb"
          ],
          "failures": [],
          "pending": [],
          "skipped": [],
          "duration": 6999,
          "root": false,
          "rootEmpty": false,
          "_timeout": 2000
        }
      ],
      "passes": [],
      "failures": [],
      "pending": [],
      "skipped": [],
      "duration": 0,
      "root": true,
      "rootEmpty": true,
      "_timeout": 2000
    }
  ],
  "meta": {
    "mocha": {
      "version": "7.2.0"
    },
    "mochawesome": {
      "options": {
        "quiet": false,
        "reportFilename": "mochawesome",
        "saveHtml": false,
        "saveJson": true,
        "consoleReporter": "spec",
        "useInlineDiffs": false,
        "code": true
      },
      "version": "7.1.3"
    },
    "marge": {
      "options": {
        "reportDir": "mochawesome-report",
        "overwrite": false,
        "html": false,
        "json": true
      },
      "version": "6.2.0"
    }
  }
}