{
  "stats": {
    "suites": 1,
    "tests": 2,
    "passes": 2,
    "pending": 0,
    "failures": 0,
    "start": "2025-08-27T22:44:09.837Z",
    "end": "2025-08-27T22:44:11.239Z",
    "duration": 1402,
    "testsRegistered": 2,
    "passPercent": 100,
    "pendingPercent": 0,
    "other": 0,
    "hasOther": false,
    "skipped": 0,
    "hasSkipped": false
  },
  "results": [
    {
      "uuid": "9d52554f-2fc6-4370-968a-a976ebbe9237",
      "title": "",
      "fullFile": "cypress\\e2e\\enviromentTest.cy.js",
      "file": "cypress\\e2e\\enviromentTest.cy.js",
      "beforeHooks": [],
      "afterHooks": [],
      "tests": [],
      "suites": [
        {
          "uuid": "10a83b47-c599-4af6-a9a7-337a60fc9d65",
          "title": "Variáveis de ambiente",
          "fullFile": "",
          "file": "",
          "beforeHooks": [],
          "afterHooks": [],
          "tests": [
            {
              "title": "Default Env",
              "fullTitle": "Variáveis de ambiente Default Env",
              "timedOut": null,
              "duration": 1046,
              "state": "passed",
              "speed": "fast",
              "pass": true,
              "fail": false,
              "pending": false,
              "context": null,
              "code": "cy.log(Cypress.env('MY_ENV'));",
              "err": {},
              "uuid": "169031da-51ba-4de2-9e3c-4a6c1203ba07",
              "parentUUID": "10a83b47-c599-4af6-a9a7-337a60fc9d65",
              "isHook": false,
              "skipped": false
            },
            {
              "title": "Config Test Env",
              "fullTitle": "Variáveis de ambiente Config Test Env",
              "timedOut": null,
              "duration": 233,
              "state": "passed",
              "speed": "fast",
              "pass": true,
              "fail": false,
              "pending": false,
              "context": null,
              "code": "cy.log(Cypress.env('MY_ENV'));",
              "err": {},
              "uuid": "4accaf27-a36d-438b-9f26-dd800807e584",
              "parentUUID": "10a83b47-c599-4af6-a9a7-337a60fc9d65",
              "isHook": false,
              "skipped": false
            }
          ],
          "suites": [],
          "passes": [
            "169031da-51ba-4de2-9e3c-4a6c1203ba07",
            "4accaf27-a36d-438b-9f26-dd800807e584"
          ],
          "failures": [],
          "pending": [],
          "skipped": [],
          "duration": 1279,
          "root": false,
          "rootEmpty": false,
          "_timeout": 2000
        }
      ],
      "passes": [],
      "failures": [],
      "pending": [],
      "skipped": [],
      "duration": 0,
      "root": true,
      "rootEmpty": true,
      "_timeout": 2000
    }
  ],
  "meta": {
    "mocha": {
      "version": "7.2.0"
    },
    "mochawesome": {
      "options": {
        "quiet": false,
        "reportFilename": "mochawesome",
        "saveHtml": false,
        "saveJson": true,
        "consoleReporter": "spec",
        "useInlineDiffs": false,
        "code": true
      },
      "version": "7.1.3"
    },
    "marge": {
      "options": {
        "reportDir": "mochawesome-report",
        "overwrite": false,
        "html": false,
        "json": true
      },
      "version": "6.2.0"
    }
  }
}